<?xml version="1.0" encoding="UTF-8"?>
<coverage generated="1710936209790" clover="3.2.0">
  <project timestamp="1710936209790" name="All files">
    <metrics statements="2" coveredstatements="2" conditionals="4" coveredconditionals="3" methods="1" coveredmethods="1" elements="7" coveredelements="6" complexity="0" loc="2" ncloc="2" packages="1" files="1" classes="1"/>
    <file name="ellipseAddress.ts" path="/home/sadiq/wakandaV3/frontend/src/utils/ellipseAddress.ts">
      <metrics statements="2" coveredstatements="2" conditionals="4" coveredconditionals="3" methods="1" coveredmethods="1"/>
      <line num="1" count="1" type="cond" truecount="1" falsecount="1"/>
      <line num="2" count="2" type="cond" truecount="2" falsecount="0"/>
    </file>
  </project>
</coverage>
