{"/home/sadiq/wakandaV3/frontend/src/utils/ellipseAddress.ts": {"path":"/home/sadiq/wakandaV3/frontend/src/utils/ellipseAddress.ts","statementMap":{"0":{"start":{"line":2,"column":2},"end":{"line":2,"column":null}},"1":{"start":{"line":1,"column":0},"end":{"line":1,"column":16}}},"fnMap":{"0":{"name":"ellipseAddress","decl":{"start":{"line":1,"column":16},"end":{"line":1,"column":30}},"loc":{"start":{"line":1,"column":54},"end":{"line":3,"column":1}}}},"branchMap":{"0":{"loc":{"start":{"line":1,"column":31},"end":{"line":1,"column":43}},"type":"default-arg","locations":[{"start":{"line":1,"column":41},"end":{"line":1,"column":43}}]},"1":{"loc":{"start":{"line":1,"column":45},"end":{"line":1,"column":54}},"type":"default-arg","locations":[{"start":{"line":1,"column":53},"end":{"line":1,"column":54}}]},"2":{"loc":{"start":{"line":2,"column":9},"end":{"line":2,"column":84}},"type":"cond-expr","locations":[{"start":{"line":2,"column":19},"end":{"line":2,"column":74}},{"start":{"line":2,"column":77},"end":{"line":2,"column":84}}]}},"s":{"0":2,"1":1},"f":{"0":2},"b":{"0":[0],"1":[1],"2":[1,1]}}
}
